2024-10-20 00:55:38 - ERROR - 429 Client Error: Too Many Requests for url: https://interface.carv.io/banana/achieve_quest
2024-10-20 00:56:05 - ERROR - 'NoneType' object has no attribute 'get'
2024-10-20 00:58:06 - ERROR - 429 Client Error: Too Many Requests for url: https://interface.carv.io/banana/achieve_quest
2024-10-20 01:00:09 - ERROR - 'NoneType' object has no attribute 'get'
2024-10-20 01:03:48 - ERROR - 429 Client Error: Too Many Requests for url: https://interface.carv.io/banana/achieve_quest
2024-10-20 01:03:52 - ERROR - 429 Client Error: Too Many Requests for url: https://interface.carv.io/banana/achieve_quest
2024-10-20 01:05:17 - ERROR - 429 Client Error: Too Many Requests for url: https://interface.carv.io/banana/achieve_quest
2024-10-20 01:05:53 - ERROR - 429 Client Error: Too Many Requests for url: https://interface.carv.io/banana/achieve_quest
2024-10-20 01:05:57 - ERROR - HTTPSConnectionPool(host='interface.carv.io', port=443): Max retries exceeded with url: /banana/get_user_info (Caused by ProxyError('Unable to connect to proxy', OSError('Tunnel connection failed: 407 Proxy Authentication Required')))
2024-10-20 01:07:20 - ERROR - 429 Client Error: Too Many Requests for url: https://interface.carv.io/banana/achieve_quest
2024-10-20 01:07:52 - ERROR - 429 Client Error: Too Many Requests for url: https://interface.carv.io/banana/achieve_quest
2024-10-20 01:11:51 - ERROR - 429 Client Error: Too Many Requests for url: https://interface.carv.io/banana/achieve_quest
2024-10-20 01:15:54 - ERROR - 429 Client Error: Too Many Requests for url: https://interface.carv.io/banana/achieve_quest
2024-10-20 01:16:32 - ERROR - 429 Client Error: Too Many Requests for url: https://interface.carv.io/banana/achieve_quest
2024-10-20 01:18:47 - ERROR - 429 Client Error: Too Many Requests for url: https://interface.carv.io/banana/achieve_quest
2024-10-20 01:31:42 - ERROR - 429 Client Error: Too Many Requests for url: https://interface.carv.io/banana/achieve_quest
2024-10-20 01:36:36 - ERROR - 429 Client Error: Too Many Requests for url: https://interface.carv.io/banana/claim_quest_lottery
2024-10-20 01:37:16 - ERROR - 429 Client Error: Too Many Requests for url: https://interface.carv.io/banana/claim_quest_lottery
2024-10-20 01:37:23 - ERROR - 429 Client Error: Too Many Requests for url: https://interface.carv.io/banana/claim_quest_lottery
2024-10-20 01:37:30 - ERROR - 429 Client Error: Too Many Requests for url: https://interface.carv.io/banana/claim_quest_lottery
2024-10-20 01:37:37 - ERROR - 429 Client Error: Too Many Requests for url: https://interface.carv.io/banana/claim_quest_lottery
2024-10-20 01:38:17 - ERROR - 429 Client Error: Too Many Requests for url: https://interface.carv.io/banana/claim_quest_lottery
2024-10-20 01:38:57 - ERROR - 429 Client Error: Too Many Requests for url: https://interface.carv.io/banana/claim_quest_lottery
2024-10-20 01:39:09 - ERROR - 429 Client Error: Too Many Requests for url: https://interface.carv.io/banana/claim_quest_lottery
2024-10-20 01:40:24 - ERROR - 429 Client Error: Too Many Requests for url: https://interface.carv.io/banana/claim_quest_lottery
2024-10-20 01:40:38 - ERROR - 429 Client Error: Too Many Requests for url: https://interface.carv.io/banana/achieve_quest
2024-10-20 01:40:52 - ERROR - 429 Client Error: Too Many Requests for url: https://interface.carv.io/banana/achieve_quest
2024-10-20 01:41:37 - ERROR - 429 Client Error: Too Many Requests for url: https://interface.carv.io/banana/achieve_quest
2024-10-20 01:41:50 - ERROR - 429 Client Error: Too Many Requests for url: https://interface.carv.io/banana/achieve_quest
2024-10-20 01:42:07 - ERROR - 429 Client Error: Too Many Requests for url: https://interface.carv.io/banana/achieve_quest
2024-10-20 01:42:14 - ERROR - 429 Client Error: Too Many Requests for url: https://interface.carv.io/banana/achieve_quest
2024-10-20 01:42:21 - ERROR - 429 Client Error: Too Many Requests for url: https://interface.carv.io/banana/achieve_quest
2024-10-20 01:42:28 - ERROR - 429 Client Error: Too Many Requests for url: https://interface.carv.io/banana/achieve_quest
2024-10-20 10:44:31 - ERROR - 429 Client Error: Too Many Requests for url: https://interface.carv.io/banana/achieve_quest
2024-10-20 10:44:37 - ERROR - 403 Client Error: Forbidden for url: https://interface.carv.io/banana/get_banana_list/v2?page_num=5&page_size=10
2024-10-20 10:46:17 - ERROR - 429 Client Error: Too Many Requests for url: https://interface.carv.io/banana/achieve_quest
2024-10-20 10:47:12 - ERROR - 429 Client Error: Too Many Requests for url: https://interface.carv.io/banana/achieve_quest
2024-10-20 10:49:38 - ERROR - 403 Client Error: Forbidden for url: https://interface.carv.io/banana/get_user_info
2024-10-20 10:49:38 - ERROR - 403 Client Error: Forbidden for url: https://interface.carv.io/banana/get_user_info
2024-10-20 10:49:38 - ERROR - 403 Client Error: Forbidden for url: https://interface.carv.io/banana/get_user_info
2024-10-20 10:49:39 - ERROR - 403 Client Error: Forbidden for url: https://interface.carv.io/banana/get_user_info
2024-10-20 10:49:39 - ERROR - 403 Client Error: Forbidden for url: https://interface.carv.io/banana/get_user_info
2024-10-20 10:49:39 - ERROR - 403 Client Error: Forbidden for url: https://interface.carv.io/banana/get_user_info
2024-10-20 10:49:40 - ERROR - 403 Client Error: Forbidden for url: https://interface.carv.io/banana/get_user_info
2024-10-20 10:49:40 - ERROR - 403 Client Error: Forbidden for url: https://interface.carv.io/banana/get_user_info
2024-10-20 10:49:40 - ERROR - 403 Client Error: Forbidden for url: https://interface.carv.io/banana/get_user_info
2024-10-20 10:49:42 - ERROR - 403 Client Error: Forbidden for url: https://interface.carv.io/banana/get_user_info
2024-10-20 10:49:42 - ERROR - 403 Client Error: Forbidden for url: https://interface.carv.io/banana/get_user_info
2024-10-20 10:49:42 - ERROR - 403 Client Error: Forbidden for url: https://interface.carv.io/banana/get_user_info
2024-10-20 10:49:43 - ERROR - 403 Client Error: Forbidden for url: https://interface.carv.io/banana/get_user_info
2024-10-20 10:49:43 - ERROR - 403 Client Error: Forbidden for url: https://interface.carv.io/banana/get_user_info
2024-10-20 10:49:43 - ERROR - 403 Client Error: Forbidden for url: https://interface.carv.io/banana/get_user_info
2024-10-20 10:49:44 - ERROR - 403 Client Error: Forbidden for url: https://interface.carv.io/banana/get_user_info
2024-10-20 10:49:44 - ERROR - 403 Client Error: Forbidden for url: https://interface.carv.io/banana/get_user_info
2024-10-20 10:49:44 - ERROR - 403 Client Error: Forbidden for url: https://interface.carv.io/banana/get_user_info
2024-10-20 10:49:45 - ERROR - 403 Client Error: Forbidden for url: https://interface.carv.io/banana/get_user_info
2024-10-20 10:49:45 - ERROR - 403 Client Error: Forbidden for url: https://interface.carv.io/banana/get_user_info
2024-10-20 10:49:45 - ERROR - 403 Client Error: Forbidden for url: https://interface.carv.io/banana/get_user_info
2024-10-20 10:49:46 - ERROR - 403 Client Error: Forbidden for url: https://interface.carv.io/banana/get_user_info
2024-10-20 10:49:46 - ERROR - 403 Client Error: Forbidden for url: https://interface.carv.io/banana/get_user_info
2024-10-20 10:49:46 - ERROR - 403 Client Error: Forbidden for url: https://interface.carv.io/banana/get_user_info
2024-10-20 10:49:47 - ERROR - 403 Client Error: Forbidden for url: https://interface.carv.io/banana/get_user_info
2024-10-20 10:49:47 - ERROR - 403 Client Error: Forbidden for url: https://interface.carv.io/banana/get_user_info
2024-10-20 10:49:47 - ERROR - 403 Client Error: Forbidden for url: https://interface.carv.io/banana/get_user_info
2024-10-20 10:49:48 - ERROR - 403 Client Error: Forbidden for url: https://interface.carv.io/banana/get_user_info
2024-10-20 10:49:48 - ERROR - 403 Client Error: Forbidden for url: https://interface.carv.io/banana/get_user_info
2024-10-20 10:51:00 - ERROR - 429 Client Error: Too Many Requests for url: https://interface.carv.io/banana/achieve_quest
2024-10-20 10:51:11 - ERROR - 403 Client Error: Forbidden for url: https://interface.carv.io/banana/get_user_info
2024-10-20 10:51:11 - ERROR - 403 Client Error: Forbidden for url: https://interface.carv.io/banana/get_user_info
2024-10-20 10:51:12 - ERROR - 403 Client Error: Forbidden for url: https://interface.carv.io/banana/get_user_info
2024-10-20 10:51:12 - ERROR - 403 Client Error: Forbidden for url: https://interface.carv.io/banana/get_user_info
2024-10-20 10:51:12 - ERROR - 403 Client Error: Forbidden for url: https://interface.carv.io/banana/get_user_info
2024-10-20 10:51:12 - ERROR - 403 Client Error: Forbidden for url: https://interface.carv.io/banana/get_user_info
2024-10-20 10:51:13 - ERROR - 403 Client Error: Forbidden for url: https://interface.carv.io/banana/get_user_info
2024-10-20 10:51:13 - ERROR - 403 Client Error: Forbidden for url: https://interface.carv.io/banana/get_user_info
2024-10-20 10:51:13 - ERROR - 403 Client Error: Forbidden for url: https://interface.carv.io/banana/get_user_info
2024-10-20 10:51:13 - ERROR - 403 Client Error: Forbidden for url: https://interface.carv.io/banana/get_user_info
2024-10-20 10:51:14 - ERROR - 403 Client Error: Forbidden for url: https://interface.carv.io/banana/get_user_info
2024-10-20 10:51:14 - ERROR - 403 Client Error: Forbidden for url: https://interface.carv.io/banana/get_user_info
2024-10-20 10:51:14 - ERROR - 403 Client Error: Forbidden for url: https://interface.carv.io/banana/get_user_info
2024-10-20 10:51:14 - ERROR - 403 Client Error: Forbidden for url: https://interface.carv.io/banana/get_user_info
2024-10-20 10:51:15 - ERROR - 403 Client Error: Forbidden for url: https://interface.carv.io/banana/get_user_info
2024-10-20 10:51:15 - ERROR - 403 Client Error: Forbidden for url: https://interface.carv.io/banana/get_user_info
2024-10-20 10:51:15 - ERROR - 403 Client Error: Forbidden for url: https://interface.carv.io/banana/get_user_info
2024-10-20 10:51:15 - ERROR - 403 Client Error: Forbidden for url: https://interface.carv.io/banana/get_user_info
2024-10-20 10:51:16 - ERROR - 403 Client Error: Forbidden for url: https://interface.carv.io/banana/get_user_info
2024-10-20 10:51:16 - ERROR - 403 Client Error: Forbidden for url: https://interface.carv.io/banana/get_user_info
2024-10-20 10:51:16 - ERROR - 403 Client Error: Forbidden for url: https://interface.carv.io/banana/get_user_info
2024-10-20 10:51:16 - ERROR - 403 Client Error: Forbidden for url: https://interface.carv.io/banana/get_user_info
2024-10-20 10:51:17 - ERROR - 403 Client Error: Forbidden for url: https://interface.carv.io/banana/get_user_info
2024-10-20 10:51:17 - ERROR - 403 Client Error: Forbidden for url: https://interface.carv.io/banana/get_user_info
2024-10-20 11:09:23 - ERROR - 429 Client Error: Too Many Requests for url: https://interface.carv.io/banana/achieve_quest
2024-10-20 11:09:27 - ERROR - 403 Client Error: Forbidden for url: https://interface.carv.io/banana/get_banana_list/v2?page_num=1&page_size=10
2024-10-20 11:09:32 - ERROR - 403 Client Error: Forbidden for url: https://interface.carv.io/banana/get_user_info
2024-10-20 11:10:31 - ERROR - 403 Client Error: Forbidden for url: https://interface.carv.io/banana/get_banana_list/v2?page_num=2&page_size=10
2024-10-20 11:13:18 - ERROR - 429 Client Error: Too Many Requests for url: https://interface.carv.io/banana/achieve_quest
2024-10-20 11:17:29 - ERROR - 429 Client Error: Too Many Requests for url: https://interface.carv.io/banana/achieve_quest
2024-10-20 12:41:55 - ERROR - 429 Client Error: Too Many Requests for url: https://interface.carv.io/banana/achieve_quest
